<?xml version="1.0" encoding="utf-8"?>
<log version="1.0" tool="runtool">

<msg id="1" tool="runtool">
  <type>log-start</type>
  <arg>2024/03/13 15:23:44</arg>
</msg>
<msg id="2" tool="runtool">
  <type>bandwidth-measurement-starts</type>
</msg>
<msg id="3" tool="runtool">
  <type>bandwidth-measurement-done</type>
</msg>
<msg id="4" tool="runtool">
  <type>collector-starts</type>
</msg>
<msg id="5" tool="runtool">
  <type>marker-file</type>
  <arg>/home/stud/S4819642/hpc-labs-master/OpenMP/hpc-lab1/e000/trc000/trc000.advixe</arg>
</msg>
<msg id="6" tool="trc">
  <type>PROCESS_START</type>
  <arg>/VM/stud/S4819642/hpc-labs-master/OpenMP/bin/dft_opt</arg>
  <arg>13442</arg>
  <severity>INFO</severity>
  <timestamp>Wed Mar 13 15:23:55 2024</timestamp>
</msg>
<msg id="7" tool="trc">
  <type>PROCESS_ANALYSIS_MODE</type>
  <arg>full</arg>
  <severity>INFO</severity>
  <timestamp>Wed Mar 13 15:23:55 2024</timestamp>
</msg>
<msg id="8" tool="trc">
  <type>LOAD_MODULE</type>
  <arg>/VM/stud/S4819642/hpc-labs-master/OpenMP/bin/dft_opt</arg>
  <arg>0x400000</arg>
  <arg>0x41adff</arg>
  <arg>yes</arg>
  <severity>INFO</severity>
  <timestamp>Wed Mar 13 15:23:55 2024</timestamp>
</msg>
<msg id="9" tool="trc">
  <type>LOAD_MODULE</type>
  <arg>/lib64/ld-linux-x86-64.so.2</arg>
  <arg>0x7f372f179000</arg>
  <arg>0x7f372f1a5177</arg>
  <arg>no</arg>
  <severity>INFO</severity>
  <timestamp>Wed Mar 13 15:23:55 2024</timestamp>
</msg>
<msg id="10" tool="trc">
  <type>LOAD_MODULE</type>
  <arg>[vdso]</arg>
  <arg>0x7fff9c1fd000</arg>
  <arg>0x7fff9c1fdd7b</arg>
  <arg>no</arg>
  <severity>INFO</severity>
  <timestamp>Wed Mar 13 15:23:55 2024</timestamp>
</msg>
<msg id="11" tool="trc">
  <type>LOAD_MODULE</type>
  <arg>/lib/x86_64-linux-gnu/libm.so.6</arg>
  <arg>0x7f3719f2b000</arg>
  <arg>0x7f371a06e10f</arg>
  <arg>no</arg>
  <severity>INFO</severity>
  <timestamp>Wed Mar 13 15:23:56 2024</timestamp>
</msg>
<msg id="12" tool="trc">
  <type>LOAD_MODULE</type>
  <arg>/opt/intel/oneapi/compiler/2023.2.1/linux/compiler/lib/intel64_lin/libiomp5.so</arg>
  <arg>0x7f3719a00000</arg>
  <arg>0x7f3719e4114f</arg>
  <arg>yes</arg>
  <severity>INFO</severity>
  <timestamp>Wed Mar 13 15:23:56 2024</timestamp>
</msg>
<msg id="13" tool="trc">
  <type>LOAD_MODULE</type>
  <arg>/lib/x86_64-linux-gnu/libgcc_s.so.1</arg>
  <arg>0x7f37199c5000</arg>
  <arg>0x7f37199de447</arg>
  <arg>no</arg>
  <severity>INFO</severity>
  <timestamp>Wed Mar 13 15:23:56 2024</timestamp>
</msg>
<msg id="14" tool="trc">
  <type>LOAD_MODULE</type>
  <arg>/lib/x86_64-linux-gnu/libpthread.so.0</arg>
  <arg>0x7f3719996000</arg>
  <arg>0x7f37199b746f</arg>
  <arg>yes</arg>
  <severity>INFO</severity>
  <timestamp>Wed Mar 13 15:23:56 2024</timestamp>
</msg>
<msg id="15" tool="trc">
  <type>LOAD_MODULE</type>
  <arg>/lib/x86_64-linux-gnu/libc.so.6</arg>
  <arg>0x7f37197c2000</arg>
  <arg>0x7f371999567f</arg>
  <arg>no</arg>
  <severity>INFO</severity>
  <timestamp>Wed Mar 13 15:23:56 2024</timestamp>
</msg>
<msg id="16" tool="trc">
  <type>LOAD_MODULE</type>
  <arg>/lib/x86_64-linux-gnu/libdl.so.2</arg>
  <arg>0x7f37197bc000</arg>
  <arg>0x7f37197c110f</arg>
  <arg>no</arg>
  <severity>INFO</severity>
  <timestamp>Wed Mar 13 15:23:56 2024</timestamp>
</msg>
<msg id="17" tool="trc">
  <type>LOAD_MODULE</type>
  <arg>/lib/x86_64-linux-gnu/librt.so.1</arg>
  <arg>0x7f37197a3000</arg>
  <arg>0x7f37197acbdf</arg>
  <arg>no</arg>
  <severity>INFO</severity>
  <timestamp>Wed Mar 13 15:23:56 2024</timestamp>
</msg>
<msg id="18" tool="trc">
  <type>LOAD_MODULE</type>
  <arg>/opt/intel/oneapi/advisor/2023.2.0/lib64/runtime/libittnotify.so</arg>
  <arg>0x7f3718000000</arg>
  <arg>0x7f371820c65f</arg>
  <arg>no</arg>
  <severity>INFO</severity>
  <timestamp>Wed Mar 13 15:23:56 2024</timestamp>
</msg>
<msg id="19" tool="trc">
  <type>LOAD_MODULE</type>
  <arg>/opt/intel/oneapi/advisor/2023.2.0/lib64/libpinjitprofiling.so</arg>
  <arg>0x7f3717f88000</arg>
  <arg>0x7f3717f8c017</arg>
  <arg>yes</arg>
  <severity>INFO</severity>
  <timestamp>Wed Mar 13 15:23:56 2024</timestamp>
</msg>
<msg id="20" tool="trc">
  <type>LOAD_MODULE</type>
  <arg>/usr/lib/x86_64-linux-gnu/libstdc++.so.6</arg>
  <arg>0x7f3717c62000</arg>
  <arg>0x7f3717e2e7ff</arg>
  <arg>no</arg>
  <severity>INFO</severity>
  <timestamp>Wed Mar 13 15:23:56 2024</timestamp>
</msg>
<msg id="21" tool="trc">
  <type>UNLOAD_MODULE</type>
  <arg>/VM/stud/S4819642/hpc-labs-master/OpenMP/bin/dft_opt</arg>
  <severity>INFO</severity>
  <timestamp>Wed Mar 13 15:23:57 2024</timestamp>
</msg>
<msg id="22" tool="trc">
  <type>UNLOAD_MODULE</type>
  <arg>/lib64/ld-linux-x86-64.so.2</arg>
  <severity>INFO</severity>
  <timestamp>Wed Mar 13 15:23:57 2024</timestamp>
</msg>
<msg id="23" tool="trc">
  <type>UNLOAD_MODULE</type>
  <arg>[vdso]</arg>
  <severity>INFO</severity>
  <timestamp>Wed Mar 13 15:23:57 2024</timestamp>
</msg>
<msg id="24" tool="trc">
  <type>UNLOAD_MODULE</type>
  <arg>/lib/x86_64-linux-gnu/libm.so.6</arg>
  <severity>INFO</severity>
  <timestamp>Wed Mar 13 15:23:57 2024</timestamp>
</msg>
<msg id="25" tool="trc">
  <type>UNLOAD_MODULE</type>
  <arg>/opt/intel/oneapi/compiler/2023.2.1/linux/compiler/lib/intel64_lin/libiomp5.so</arg>
  <severity>INFO</severity>
  <timestamp>Wed Mar 13 15:23:57 2024</timestamp>
</msg>
<msg id="26" tool="trc">
  <type>UNLOAD_MODULE</type>
  <arg>/lib/x86_64-linux-gnu/libgcc_s.so.1</arg>
  <severity>INFO</severity>
  <timestamp>Wed Mar 13 15:23:57 2024</timestamp>
</msg>
<msg id="27" tool="trc">
  <type>UNLOAD_MODULE</type>
  <arg>/lib/x86_64-linux-gnu/libpthread.so.0</arg>
  <severity>INFO</severity>
  <timestamp>Wed Mar 13 15:23:57 2024</timestamp>
</msg>
<msg id="28" tool="trc">
  <type>UNLOAD_MODULE</type>
  <arg>/lib/x86_64-linux-gnu/libc.so.6</arg>
  <severity>INFO</severity>
  <timestamp>Wed Mar 13 15:23:57 2024</timestamp>
</msg>
<msg id="29" tool="trc">
  <type>UNLOAD_MODULE</type>
  <arg>/lib/x86_64-linux-gnu/libdl.so.2</arg>
  <severity>INFO</severity>
  <timestamp>Wed Mar 13 15:23:57 2024</timestamp>
</msg>
<msg id="30" tool="trc">
  <type>UNLOAD_MODULE</type>
  <arg>/lib/x86_64-linux-gnu/librt.so.1</arg>
  <severity>INFO</severity>
  <timestamp>Wed Mar 13 15:23:57 2024</timestamp>
</msg>
<msg id="31" tool="trc">
  <type>UNLOAD_MODULE</type>
  <arg>/opt/intel/oneapi/advisor/2023.2.0/lib64/runtime/libittnotify.so</arg>
  <severity>INFO</severity>
  <timestamp>Wed Mar 13 15:23:57 2024</timestamp>
</msg>
<msg id="32" tool="trc">
  <type>UNLOAD_MODULE</type>
  <arg>/opt/intel/oneapi/advisor/2023.2.0/lib64/libpinjitprofiling.so</arg>
  <severity>INFO</severity>
  <timestamp>Wed Mar 13 15:23:57 2024</timestamp>
</msg>
<msg id="33" tool="trc">
  <type>UNLOAD_MODULE</type>
  <arg>DynamicCodeBin</arg>
  <severity>INFO</severity>
  <timestamp>Wed Mar 13 15:23:57 2024</timestamp>
</msg>
<msg id="34" tool="trc">
  <type>UNLOAD_MODULE</type>
  <arg>/usr/lib/x86_64-linux-gnu/libstdc++.so.6</arg>
  <severity>INFO</severity>
  <timestamp>Wed Mar 13 15:23:57 2024</timestamp>
</msg>
<msg id="35" tool="trc">
  <type>PROCESS_FINISH</type>
  <arg>/VM/stud/S4819642/hpc-labs-master/OpenMP/bin/dft_opt</arg>
  <arg>13442</arg>
  <arg>0x1</arg>
  <severity>INFO</severity>
  <timestamp>Wed Mar 13 15:23:57 2024</timestamp>
</msg>
<msg id="36" tool="runtool">
  <type>app-exit-code</type>
  <arg>1</arg>
</msg>
<msg id="37" tool="runtool">
  <type>marker-file</type>
  <arg>/home/stud/S4819642/hpc-labs-master/OpenMP/hpc-lab1/e000/trc000/trc000.advixe</arg>
</msg>
<msg id="38" tool="runtool">
  <type>collector-done</type>
</msg>
<msg id="39" tool="runtool">
  <type>log-end</type>
  <arg>2024/03/13 15:24:00</arg>
</msg>

</log>

