8 [140467755505600] INFO perfrun.launcher <> - Launcher main begin
8 [140467755505600] INFO perfrun.launcher <> - MessageCatalogInit finished
8 [140467755505600] INFO perfrun.launcher <> - Launcher instance created
8 [140467755505600] INFO perfrun.launcher <> - argc = 6; cmdline = /opt/intel/oneapi/advisor/2023.2.0/bin64/advixe-runss -dump-vdso -r /home/stud/S4819642/hpc-labs-master/OpenMP/hpc-lab1/e000/hs004 --tmp-dir /tmp/advixe-tmp-S4819642 
32 [140467755505600] INFO perfrun.launcher <> - create msngr2::ICliToolContext
32 [140467755505600] INFO perfrun.launcher <> - create file finder object
33 [140467607955200] INFO perfrun.launcher <> - plugin [remoteplug] was disabled because it doesn't support the given collection type.
33 [140467607955200] INFO perfrun.launcher <> - plugin [system] was disabled because it doesn't support the given collection type.
33 [140467607955200] INFO perfrun.vdso <> - dumping [vdso] pseudomodule
36 [140467607955200] INFO perfrun.launcher <> - plugin [itt] was disabled because it doesn't support the given collection type.
36 [140467607955200] INFO perfrun.launcher <> - plugin [] was disabled because it doesn't support the given collection type.
36 [140467607955200] INFO perfrun.launcher <> - plugin [gpu] was disabled because it doesn't support the given collection type.
36 [140467607955200] INFO perfrun.launcher <> - plugin [] was disabled because it doesn't support the given collection type.
36 [140467607955200] INFO perfrun.launcher <> - plugin [] was disabled because it doesn't support the given collection type.
36 [140467607955200] INFO perfrun.launcher <> - plugin [] was disabled because it doesn't support the given collection type.
36 [140467607955200] INFO perfrun.launcher <> - plugin [mrte] was disabled because it doesn't support the given collection type.
36 [140467607955200] INFO perfrun.launcher <> - plugin [] was disabled because it doesn't support the given collection type.
36 [140467607955200] INFO perfrun.launcher <> - plugin [] was disabled because it doesn't support the given collection type.
36 [140467607955200] INFO perfrun.launcher <> - plugin [] was disabled because it doesn't support the given collection type.
36 [140467607955200] INFO perfrun.launcher <> - plugin [] was disabled because it doesn't support the given collection type.
36 [140467607955200] INFO perfrun.launcher <> - plugin [] was disabled because it doesn't support the given collection type.
36 [140467607955200] INFO perfrun.launcher <> - plugin [] was disabled because it doesn't support the given collection type.
36 [140467607955200] INFO perfrun.launcher <> - plugin [] was disabled because it doesn't support the given collection type.
36 [140467607955200] INFO perfrun.launcher <> - plugin [tpss] was disabled because it doesn't support the given collection type.
36 [140467607955200] INFO perfrun.launcher <> - plugin [] was disabled because it doesn't support the given collection type.
36 [140467607955200] INFO perfrun.launcher <> - plugin [] was disabled because it doesn't support the given collection type.
36 [140467607955200] INFO perfrun.launcher <> - plugin [] was disabled because it doesn't support the given collection type.
36 [140467607955200] INFO perfrun.launcher <> - plugin [] was disabled because it doesn't support the given collection type.
36 [140467607955200] INFO perfrun.launcher <> - plugin [] was disabled because it doesn't support the given collection type.
36 [140467607955200] INFO perfrun.launcher <> - plugin [] was disabled because it doesn't support the given collection type.
36 [140467607955200] INFO perfrun.launcher <> - plugin [] was disabled because it doesn't support the given collection type.
36 [140467607955200] INFO perfrun.launcher <> - plugin [] was disabled because it doesn't support the given collection type.
36 [140467607955200] INFO perfrun.launcher <> - plugin [] was disabled because it doesn't support the given collection type.
36 [140467755505600] INFO perfrun.launcher <> - Application exit code: 0
36 [140467755505600] INFO perfrun.launcher <> - Exit code: 0
