Collection status has changed. 1
Collection has been started.
Collection has stopped. Application exit code:  1
Finalizing results
Finalizing the result
Clearing the database
The database has been cleared, elapsed time is 0.201 seconds.
Loading raw data to the database
Loading 'systemcollector-11668-wk001.sc' file
Loading '11668-11681.0.trace' file
Updating precomputed scalar metrics
Raw data has been loaded to the database, elapsed time is 0.037 seconds.
Processing profile metrics and debug information
Data transformations have been finished, elapsed time is 0.001 seconds.
Setting data model parameters
Resolving module symbols
Resolving information for `dft_baseline'
Resolving information for `libc.so.6'
Resolving bottom user stack information
Resolving thread name information
Resolving call target names for dynamic code
Symbol resolution has been finished, elapsed time is 0.350 seconds.
Processing profile metrics and debug information
Deferred data transformations have been finished, elapsed time is 0.003 seconds.
Setting data model parameters
Data model parameters have been set, elapsed time is 0.007 seconds.
Precomputing frequently used data
Precomputing frequently used data
Updating precomputed scalar metrics
Precomputing frequently used data has been finished, elapsed time is 0.013 seconds.
Discarding redundant overtime data
Saving the result
Redundant overtime data has been discarded, elapsed time is 0.001 seconds.
Raw collector data has been discarded, elapsed time is 0.000 seconds.
Finalizing the result took 0.632 seconds.
Preparing data for display of survey call tree
Resolving module symbols
Resolving information for dangling locations
Resolving bottom user stack information
Resolving thread name information
Resolving call target names for dynamic code
Precomputing frequently used data
